#
# There is insufficient memory for the Java Runtime Environment to continue.
# Native memory allocation (malloc) failed to allocate 280016 bytes for Chunk::new
# Possible reasons:
#   The system is out of physical RAM or swap space
#   The process is running with CompressedOops enabled, and the Java Heap may be blocking the growth of the native heap
# Possible solutions:
#   Reduce memory load on the system
#   Increase physical memory or swap space
#   Check if swap backing store is full
#   Decrease Java heap size (-Xmx/-Xms)
#   Decrease number of Java threads
#   Decrease Java thread stack sizes (-Xss)
#   Set larger code cache with -XX:ReservedCodeCacheSize=
#   JVM is running with Unscaled Compressed Oops mode in which the Java heap is
#     placed in the first 4GB address space. The Java Heap base address is the
#     maximum limit for the native heap growth. Please use -XX:HeapBaseMinAddress
#     to set the Java Heap base and to place the Java Heap above 4GB virtual address.
# This output file may be truncated or incomplete.
#
#  Out of Memory Error (arena.cpp:189), pid=29876, tid=5080
#
# JRE version: OpenJDK Runtime Environment Temurin-17.0.7+7 (17.0.7+7) (build 17.0.7+7)
# Java VM: OpenJDK 64-Bit Server VM Temurin-17.0.7+7 (17.0.7+7, mixed mode, tiered, compressed oops, compressed class ptrs, parallel gc, windows-amd64)
# No core dump will be written. Minidumps are not enabled by default on client versions of Windows
#

---------------  S U M M A R Y ------------

Command Line: --add-modules=ALL-SYSTEM --add-opens=java.base/java.util=ALL-UNNAMED --add-opens=java.base/java.lang=ALL-UNNAMED --add-opens=java.base/sun.nio.fs=ALL-UNNAMED -Declipse.application=org.eclipse.jdt.ls.core.id1 -Dosgi.bundles.defaultStartLevel=4 -Declipse.product=org.eclipse.jdt.ls.core.product -Djava.import.generatesMetadataFilesAtProjectRoot=false -Dfile.encoding=utf8 -XX:+UseParallelGC -XX:GCTimeRatio=4 -XX:AdaptiveSizePolicyWeight=90 -Dsun.zip.disableMemoryMapping=true -Xmx1G -Xms100m -Xlog:disable -javaagent:c:\Users\anush\.vscode\extensions\redhat.java-1.21.0-win32-x64\lombok\lombok-1.18.28.jar -XX:+HeapDumpOnOutOfMemoryError -XX:HeapDumpPath=c:\Users\anush\AppData\Roaming\Code\User\workspaceStorage\885600e6cf9a070ce625943bc92912df\redhat.java -Daether.dependencyCollector.impl=bf c:\Users\anush\.vscode\extensions\redhat.java-1.21.0-win32-x64\server\plugins\org.eclipse.equinox.launcher_1.6.500.v20230717-2134.jar -configuration c:\Users\anush\AppData\Roaming\Code\User\globalStorage\redhat.java\1.21.0\config_win -data c:\Users\anush\AppData\Roaming\Code\User\workspaceStorage\885600e6cf9a070ce625943bc92912df\redhat.java\jdt_ws

Host: 11th Gen Intel(R) Core(TM) i5-1155G7 @ 2.50GHz, 8 cores, 7G,  Windows 11 , 64 bit Build 22621 (10.0.22621.2215)
Time: Thu Sep  7 12:48:49 2023 India Standard Time elapsed time: 0.874527 seconds (0d 0h 0m 0s)

---------------  T H R E A D  ---------------

Current thread (0x000001d964057260):  JavaThread "C2 CompilerThread0" daemon [_thread_in_native, id=5080, stack(0x0000003fe1100000,0x0000003fe1200000)]


Current CompileTask:
C2:    874  481       4       lombok.patcher.scripts.MethodLevelPatchScript::patch (21 bytes)

Stack: [0x0000003fe1100000,0x0000003fe1200000]
Native frames: (J=compiled Java code, j=interpreted, Vv=VM code, C=native code)
V  [jvm.dll+0x67754a]
V  [jvm.dll+0x834304]
V  [jvm.dll+0x835aae]
V  [jvm.dll+0x836113]
V  [jvm.dll+0x24696f]
V  [jvm.dll+0xac0ac]
V  [jvm.dll+0xac67c]
V  [jvm.dll+0x2adbef]
V  [jvm.dll+0x580067]
V  [jvm.dll+0x221e72]
V  [jvm.dll+0x22224f]
V  [jvm.dll+0x21b4a5]
V  [jvm.dll+0x21895b]
V  [jvm.dll+0x1a4d8d]
V  [jvm.dll+0x2284da]
V  [jvm.dll+0x226615]
V  [jvm.dll+0x7ea90b]
V  [jvm.dll+0x7e4e7a]
V  [jvm.dll+0x676395]
C  [ucrtbase.dll+0x29363]
C  [KERNEL32.DLL+0x1257d]
C  [ntdll.dll+0x5aa68]


---------------  P R O C E S S  ---------------

Threads class SMR info:
_java_thread_list=0x000001d9643390f0, length=13, elements={
0x000001d94aedece0, 0x000001d94af9bcc0, 0x000001d94af9d550, 0x000001d95ed5a310,
0x000001d95ed5add0, 0x000001d95ed5b980, 0x000001d95ed5e340, 0x000001d964057260,
0x000001d964092290, 0x000001d9640d2f40, 0x000001d96418efa0, 0x000001d96427b4d0,
0x000001d9643fb5f0
}

Java Threads: ( => current thread )
  0x000001d94aedece0 JavaThread "main" [_thread_in_vm_trans, id=5408, stack(0x0000003fe0800000,0x0000003fe0900000)]
  0x000001d94af9bcc0 JavaThread "Reference Handler" daemon [_thread_blocked, id=32684, stack(0x0000003fe0b00000,0x0000003fe0c00000)]
  0x000001d94af9d550 JavaThread "Finalizer" daemon [_thread_blocked, id=15660, stack(0x0000003fe0c00000,0x0000003fe0d00000)]
  0x000001d95ed5a310 JavaThread "Signal Dispatcher" daemon [_thread_blocked, id=30548, stack(0x0000003fe0d00000,0x0000003fe0e00000)]
  0x000001d95ed5add0 JavaThread "Attach Listener" daemon [_thread_blocked, id=14988, stack(0x0000003fe0e00000,0x0000003fe0f00000)]
  0x000001d95ed5b980 JavaThread "Service Thread" daemon [_thread_blocked, id=1896, stack(0x0000003fe0f00000,0x0000003fe1000000)]
  0x000001d95ed5e340 JavaThread "Monitor Deflation Thread" daemon [_thread_blocked, id=9652, stack(0x0000003fe1000000,0x0000003fe1100000)]
=>0x000001d964057260 JavaThread "C2 CompilerThread0" daemon [_thread_in_native, id=5080, stack(0x0000003fe1100000,0x0000003fe1200000)]
  0x000001d964092290 JavaThread "C1 CompilerThread0" daemon [_thread_in_vm, id=26544, stack(0x0000003fe1200000,0x0000003fe1300000)]
  0x000001d9640d2f40 JavaThread "Sweeper thread" daemon [_thread_blocked, id=18652, stack(0x0000003fe1300000,0x0000003fe1400000)]
  0x000001d96418efa0 JavaThread "Common-Cleaner" daemon [_thread_blocked, id=13248, stack(0x0000003fe1400000,0x0000003fe1500000)]
  0x000001d96427b4d0 JavaThread "Notification Thread" daemon [_thread_blocked, id=10216, stack(0x0000003fe1500000,0x0000003fe1600000)]
  0x000001d9643fb5f0 JavaThread "C2 CompilerThread1" daemon [_thread_in_native_trans, id=14656, stack(0x0000003fe1700000,0x0000003fe1800000)]

Other Threads:
  0x000001d95ed4fb80 VMThread "VM Thread" [stack: 0x0000003fe0a00000,0x0000003fe0b00000] [id=28544]
  0x000001d964fc0b00 WatcherThread [stack: 0x0000003fe1600000,0x0000003fe1700000] [id=23208]
  0x000001d94aef3cb0 GCTaskThread "GC Thread#0" [stack: 0x0000003fe0900000,0x0000003fe0a00000] [id=19024]

Threads with active compile tasks:
C2 CompilerThread0      913  481       4       lombok.patcher.scripts.MethodLevelPatchScript::patch (21 bytes)
C2 CompilerThread1      913  550       4       lombok.patcher.PatchScript::classMatches (41 bytes)

VM state: not at safepoint (normal execution)

VM Mutex/Monitor currently owned by a thread: None

Heap address: 0x00000000c0000000, size: 1024 MB, Compressed Oops mode: 32-bit

CDS archive(s) not mapped
Compressed class space mapped at: 0x0000000100000000-0x0000000140000000, reserved size: 1073741824
Narrow klass base: 0x0000000000000000, Narrow klass shift: 3, Narrow klass range: 0x140000000

GC Precious Log:
 CPUs: 8 total, 8 available
 Memory: 7834M
 Large Page Support: Disabled
 NUMA Support: Disabled
 Compressed Oops: Enabled (32-bit)
 Alignments: Space 512K, Generation 512K, Heap 2M
 Heap Min Capacity: 100M
 Heap Initial Capacity: 100M
 Heap Max Capacity: 1G
 Pre-touch: Disabled
 Parallel Workers: 8

Heap:
 PSYoungGen      total 29696K, used 13263K [0x00000000eab00000, 0x00000000ecc00000, 0x0000000100000000)
  eden space 25600K, 51% used [0x00000000eab00000,0x00000000eb7f3ef0,0x00000000ec400000)
  from space 4096K, 0% used [0x00000000ec800000,0x00000000ec800000,0x00000000ecc00000)
  to   space 4096K, 0% used [0x00000000ec400000,0x00000000ec400000,0x00000000ec800000)
 ParOldGen       total 68608K, used 0K [0x00000000c0000000, 0x00000000c4300000, 0x00000000eab00000)
  object space 68608K, 0% used [0x00000000c0000000,0x00000000c0000000,0x00000000c4300000)
 Metaspace       used 8988K, committed 9152K, reserved 1114112K
  class space    used 888K, committed 960K, reserved 1048576K

Card table byte_map: [0x000001d94a880000,0x000001d94aa90000] _byte_map_base: 0x000001d94a280000

Marking Bits: (ParMarkBitMap*) 0x00007ffea71752c0
 Begin Bits: [0x000001d95cb60000, 0x000001d95db60000)
 End Bits:   [0x000001d95db60000, 0x000001d95eb60000)

Polling page: 0x000001d948e30000

Metaspace:

Usage:
  Non-class:      7.91 MB used.
      Class:    889.41 KB used.
       Both:      8.78 MB used.

Virtual space:
  Non-class space:       64.00 MB reserved,       8.00 MB ( 12%) committed,  1 nodes.
      Class space:        1.00 GB reserved,     960.00 KB ( <1%) committed,  1 nodes.
             Both:        1.06 GB reserved,       8.94 MB ( <1%) committed. 

Chunk freelists:
   Non-Class:  7.92 MB
       Class:  15.09 MB
        Both:  23.01 MB

MaxMetaspaceSize: unlimited
CompressedClassSpaceSize: 1.00 GB
Initial GC threshold: 21.00 MB
Current GC threshold: 21.00 MB
CDS: off
MetaspaceReclaimPolicy: balanced
 - commit_granule_bytes: 65536.
 - commit_granule_words: 8192.
 - virtual_space_node_default_size: 8388608.
 - enlarge_chunks_in_place: 1.
 - new_chunks_are_fully_committed: 0.
 - uncommit_free_chunks: 1.
 - use_allocation_guard: 0.
 - handle_deallocations: 1.


Internal statistics:

num_allocs_failed_limit: 0.
num_arena_births: 10.
num_arena_deaths: 0.
num_vsnodes_births: 2.
num_vsnodes_deaths: 0.
num_space_committed: 143.
num_space_uncommitted: 0.
num_chunks_returned_to_freelist: 0.
num_chunks_taken_from_freelist: 44.
num_chunk_merges: 0.
num_chunk_splits: 25.
num_chunks_enlarged: 19.
num_inconsistent_stats: 0.

CodeHeap 'non-profiled nmethods': size=120000Kb used=189Kb max_used=189Kb free=119810Kb
 bounds [0x000001d955630000, 0x000001d9558a0000, 0x000001d95cb60000]
CodeHeap 'profiled nmethods': size=120000Kb used=809Kb max_used=809Kb free=119190Kb
 bounds [0x000001d94db60000, 0x000001d94ddd0000, 0x000001d955090000]
CodeHeap 'non-nmethods': size=5760Kb used=1145Kb max_used=1161Kb free=4614Kb
 bounds [0x000001d955090000, 0x000001d955300000, 0x000001d955630000]
 total_blobs=978 nmethods=556 adapters=337
 compilation: enabled
              stopped_count=0, restarted_count=0
 full_count=0

Compilation events (20 events):
Event: 0.813 Thread 0x000001d964092290  486  s    3       java.io.ByteArrayOutputStream::write (32 bytes)
Event: 0.813 Thread 0x000001d964092290 nmethod 486 0x000001d94dc05e10 code [0x000001d94dc05fc0, 0x000001d94dc06208]
Event: 0.814 Thread 0x000001d964092290  487       3       java.util.TreeMap::parentOf (13 bytes)
Event: 0.814 Thread 0x000001d964092290 nmethod 487 0x000001d94dc06310 code [0x000001d94dc064a0, 0x000001d94dc06618]
Event: 0.818 Thread 0x000001d964092290  488       3       java.lang.reflect.Modifier::isProtected (12 bytes)
Event: 0.818 Thread 0x000001d964092290 nmethod 488 0x000001d94dc06710 code [0x000001d94dc068a0, 0x000001d94dc069f8]
Event: 0.818 Thread 0x000001d964092290  489       3       java.lang.Enum::equals (11 bytes)
Event: 0.818 Thread 0x000001d964092290 nmethod 489 0x000001d94dc06a90 code [0x000001d94dc06c20, 0x000001d94dc06d98]
Event: 0.820 Thread 0x000001d964092290  490       3       java.lang.invoke.MemberName::initResolved (53 bytes)
Event: 0.821 Thread 0x000001d964092290 nmethod 490 0x000001d94dc06e10 code [0x000001d94dc06fa0, 0x000001d94dc07118]
Event: 0.824 Thread 0x000001d964057260 nmethod 483 0x000001d955657c90 code [0x000001d955657e60, 0x000001d9556584b8]
Event: 0.824 Thread 0x000001d964057260  481       4       lombok.patcher.scripts.MethodLevelPatchScript::patch (21 bytes)
Event: 0.849 Thread 0x000001d964092290  493       3       java.lang.instrument.ClassFileTransformer::transform (15 bytes)
Event: 0.849 Thread 0x000001d964092290 nmethod 493 0x000001d94dc07190 code [0x000001d94dc07340, 0x000001d94dc074c8]
Event: 0.849 Thread 0x000001d964092290  494       3       java.util.zip.Inflater::ensureOpen (47 bytes)
Event: 0.850 Thread 0x000001d964092290 nmethod 494 0x000001d94dc07610 code [0x000001d94dc077c0, 0x000001d94dc07a28]
Event: 0.850 Thread 0x000001d964092290  495       3       jdk.internal.org.objectweb.asm.ByteVector::put12 (64 bytes)
Event: 0.851 Thread 0x000001d964092290 nmethod 495 0x000001d94dc07b10 code [0x000001d94dc07cc0, 0x000001d94dc07ee8]
Event: 0.854 Thread 0x000001d964092290  496       3       java.lang.StringUTF16::putChar (54 bytes)
Event: 0.855 Thread 0x000001d964092290 nmethod 496 0x000001d94dc08090 code [0x000001d94dc08220, 0x000001d94dc08378]

GC Heap History (0 events):
No events

Dll operation events (8 events):
Event: 0.031 Loaded shared library c:\Users\anush\.vscode\extensions\redhat.java-1.21.0-win32-x64\jre\17.0.7-win32-x86_64\bin\java.dll
Event: 0.313 Loaded shared library c:\Users\anush\.vscode\extensions\redhat.java-1.21.0-win32-x64\jre\17.0.7-win32-x86_64\bin\zip.dll
Event: 0.318 Loaded shared library C:\Users\anush\.vscode\extensions\redhat.java-1.21.0-win32-x64\jre\17.0.7-win32-x86_64\bin\instrument.dll
Event: 0.340 Loaded shared library C:\Users\anush\.vscode\extensions\redhat.java-1.21.0-win32-x64\jre\17.0.7-win32-x86_64\bin\net.dll
Event: 0.344 Loaded shared library C:\Users\anush\.vscode\extensions\redhat.java-1.21.0-win32-x64\jre\17.0.7-win32-x86_64\bin\nio.dll
Event: 0.363 Loaded shared library C:\Users\anush\.vscode\extensions\redhat.java-1.21.0-win32-x64\jre\17.0.7-win32-x86_64\bin\zip.dll
Event: 0.406 Loaded shared library C:\Users\anush\.vscode\extensions\redhat.java-1.21.0-win32-x64\jre\17.0.7-win32-x86_64\bin\jimage.dll
Event: 0.489 Loaded shared library c:\Users\anush\.vscode\extensions\redhat.java-1.21.0-win32-x64\jre\17.0.7-win32-x86_64\bin\verify.dll

Deoptimization events (20 events):
Event: 0.641 Thread 0x000001d94aedece0 Uncommon trap: trap_request=0xffffff45 fr.pc=0x000001d95563f474 relative=0x0000000000000074
Event: 0.642 Thread 0x000001d94aedece0 Uncommon trap: reason=unstable_if action=reinterpret pc=0x000001d95563f474 method=java.lang.String.isLatin1()Z @ 10 c2
Event: 0.642 Thread 0x000001d94aedece0 DEOPT PACKING pc=0x000001d95563f474 sp=0x0000003fe08fec90
Event: 0.642 Thread 0x000001d94aedece0 DEOPT UNPACKING pc=0x000001d9550e9ea3 sp=0x0000003fe08febd0 mode 2
Event: 0.646 Thread 0x000001d94aedece0 DEOPT PACKING pc=0x000001d94db7b800 sp=0x0000003fe08fc8d0
Event: 0.646 Thread 0x000001d94aedece0 DEOPT UNPACKING pc=0x000001d9550ea9e3 sp=0x0000003fe08fbd90 mode 0
Event: 0.664 Thread 0x000001d94aedece0 DEOPT PACKING pc=0x000001d94db7b800 sp=0x0000003fe08fc6b0
Event: 0.664 Thread 0x000001d94aedece0 DEOPT UNPACKING pc=0x000001d9550ea9e3 sp=0x0000003fe08fbb70 mode 0
Event: 0.671 Thread 0x000001d94aedece0 DEOPT PACKING pc=0x000001d94db7b727 sp=0x0000003fe08fafe0
Event: 0.671 Thread 0x000001d94aedece0 DEOPT UNPACKING pc=0x000001d9550ea9e3 sp=0x0000003fe08fa490 mode 0
Event: 0.672 Thread 0x000001d94aedece0 DEOPT PACKING pc=0x000001d94db7b800 sp=0x0000003fe08fa290
Event: 0.672 Thread 0x000001d94aedece0 DEOPT UNPACKING pc=0x000001d9550ea9e3 sp=0x0000003fe08f9750 mode 0
Event: 0.757 Thread 0x000001d94aedece0 Uncommon trap: trap_request=0xffffff45 fr.pc=0x000001d9556442c0 relative=0x00000000000000c0
Event: 0.757 Thread 0x000001d94aedece0 Uncommon trap: reason=unstable_if action=reinterpret pc=0x000001d9556442c0 method=java.net.URI.match(CJJ)Z @ 45 c2
Event: 0.757 Thread 0x000001d94aedece0 DEOPT PACKING pc=0x000001d9556442c0 sp=0x0000003fe08fc750
Event: 0.757 Thread 0x000001d94aedece0 DEOPT UNPACKING pc=0x000001d9550e9ea3 sp=0x0000003fe08fc6d8 mode 2
Event: 0.780 Thread 0x000001d94aedece0 Uncommon trap: trap_request=0xffffff45 fr.pc=0x000001d955652ffc relative=0x000000000000061c
Event: 0.780 Thread 0x000001d94aedece0 Uncommon trap: reason=unstable_if action=reinterpret pc=0x000001d955652ffc method=java.lang.String.replace(Ljava/lang/CharSequence;Ljava/lang/CharSequence;)Ljava/lang/String; @ 48 c2
Event: 0.780 Thread 0x000001d94aedece0 DEOPT PACKING pc=0x000001d955652ffc sp=0x0000003fe08fc6a0
Event: 0.780 Thread 0x000001d94aedece0 DEOPT UNPACKING pc=0x000001d9550e9ea3 sp=0x0000003fe08fc620 mode 2

Classes unloaded (0 events):
No events

Classes redefined (0 events):
No events

Internal exceptions (2 events):
Event: 0.272 Thread 0x000001d94aedece0 Exception <a 'java/lang/NoSuchMethodError'{0x00000000eacb24e8}: 'void java.lang.invoke.DirectMethodHandle$Holder.invokeStatic(java.lang.Object, java.lang.Object, java.lang.Object)'> (0x00000000eacb24e8) 
thrown [s\src\hotspot\share\interpreter\linkResolver.cpp, line 759]
Event: 0.526 Thread 0x000001d94aedece0 Exception <a 'java/lang/reflect/InvocationTargetException'{0x00000000eaf79450}> (0x00000000eaf79450) 
thrown [s\src\hotspot\share\runtime\reflection.cpp, line 1121]

VM Operations (2 events):
Event: 0.279 Executing VM operation: HandshakeAllThreads
Event: 0.279 Executing VM operation: HandshakeAllThreads done

Events (20 events):
Event: 0.854 loading class jdk/internal/icu/util/CodePointTrie$Data16 done
Event: 0.854 loading class java/nio/HeapCharBuffer
Event: 0.854 loading class java/nio/HeapCharBuffer done
Event: 0.855 loading class jdk/internal/icu/impl/Norm2AllModes$ComposeNormalizer2
Event: 0.856 loading class jdk/internal/icu/impl/Norm2AllModes$Normalizer2WithImpl
Event: 0.856 loading class jdk/internal/icu/impl/Norm2AllModes$Normalizer2WithImpl done
Event: 0.856 loading class jdk/internal/icu/impl/Norm2AllModes$ComposeNormalizer2 done
Event: 0.856 loading class jdk/internal/icu/impl/Norm2AllModes$DecomposeNormalizer2
Event: 0.856 loading class jdk/internal/icu/impl/Norm2AllModes$DecomposeNormalizer2 done
Event: 0.856 loading class java/security/Signature
Event: 0.857 loading class java/security/SignatureSpi
Event: 0.857 loading class java/security/SignatureSpi done
Event: 0.857 loading class java/security/Signature done
Event: 0.857 loading class java/security/Signature$1
Event: 0.857 loading class jdk/internal/access/JavaSecuritySignatureAccess
Event: 0.857 loading class jdk/internal/access/JavaSecuritySignatureAccess done
Event: 0.857 loading class java/security/Signature$1 done
Event: 0.857 loading class sun/security/jca/ServiceId
Event: 0.857 loading class sun/security/jca/ServiceId done
Event: 0.857 loading class java/security/Signature$Delegate


Dynamic libraries:
0x00007ff6b47e0000 - 0x00007ff6b47ee000 	c:\Users\anush\.vscode\extensions\redhat.java-1.21.0-win32-x64\jre\17.0.7-win32-x86_64\bin\java.exe
0x00007fff1aab0000 - 0x00007fff1acc4000 	C:\WINDOWS\SYSTEM32\ntdll.dll
0x00007fff1a100000 - 0x00007fff1a1c4000 	C:\WINDOWS\System32\KERNEL32.DLL
0x00007fff181b0000 - 0x00007fff18554000 	C:\WINDOWS\System32\KERNELBASE.dll
0x00007fff18090000 - 0x00007fff181a1000 	C:\WINDOWS\System32\ucrtbase.dll
0x00007ffede260000 - 0x00007ffede277000 	c:\Users\anush\.vscode\extensions\redhat.java-1.21.0-win32-x64\jre\17.0.7-win32-x86_64\bin\jli.dll
0x00007fff1a4c0000 - 0x00007fff1a66e000 	C:\WINDOWS\System32\USER32.dll
0x00007fff18560000 - 0x00007fff18586000 	C:\WINDOWS\System32\win32u.dll
0x00007fff18940000 - 0x00007fff18969000 	C:\WINDOWS\System32\GDI32.dll
0x00007fff18590000 - 0x00007fff186a8000 	C:\WINDOWS\System32\gdi32full.dll
0x00007fff187a0000 - 0x00007fff1883a000 	C:\WINDOWS\System32\msvcp_win.dll
0x00007ffed8d10000 - 0x00007ffed8d29000 	c:\Users\anush\.vscode\extensions\redhat.java-1.21.0-win32-x64\jre\17.0.7-win32-x86_64\bin\VCRUNTIME140.dll
0x00007ffef5720000 - 0x00007ffef59b3000 	C:\WINDOWS\WinSxS\amd64_microsoft.windows.common-controls_6595b64144ccf1df_6.0.22621.2215_none_270d72677387dfc3\COMCTL32.dll
0x00007fff1a340000 - 0x00007fff1a3e7000 	C:\WINDOWS\System32\msvcrt.dll
0x00007fff1a030000 - 0x00007fff1a061000 	C:\WINDOWS\System32\IMM32.DLL
0x00007ffef2a10000 - 0x00007ffef2a1c000 	c:\Users\anush\.vscode\extensions\redhat.java-1.21.0-win32-x64\jre\17.0.7-win32-x86_64\bin\vcruntime140_1.dll
0x00007ffecc780000 - 0x00007ffecc811000 	c:\Users\anush\.vscode\extensions\redhat.java-1.21.0-win32-x64\jre\17.0.7-win32-x86_64\bin\msvcp140.dll
0x00007ffea65f0000 - 0x00007ffea7238000 	c:\Users\anush\.vscode\extensions\redhat.java-1.21.0-win32-x64\jre\17.0.7-win32-x86_64\bin\server\jvm.dll
0x00007fff18fe0000 - 0x00007fff19090000 	C:\WINDOWS\System32\ADVAPI32.dll
0x00007fff1a720000 - 0x00007fff1a7c6000 	C:\WINDOWS\System32\sechost.dll
0x00007fff18a20000 - 0x00007fff18b37000 	C:\WINDOWS\System32\RPCRT4.dll
0x00007ffef7200000 - 0x00007ffef7209000 	C:\WINDOWS\SYSTEM32\WSOCK32.dll
0x00007fff1a7e0000 - 0x00007fff1a851000 	C:\WINDOWS\System32\WS2_32.dll
0x00007fff0f8f0000 - 0x00007fff0f924000 	C:\WINDOWS\SYSTEM32\WINMM.dll
0x00007fff109d0000 - 0x00007fff109da000 	C:\WINDOWS\SYSTEM32\VERSION.dll
0x00007fff16e40000 - 0x00007fff16e58000 	C:\WINDOWS\SYSTEM32\kernel.appcore.dll
0x00007ffef2270000 - 0x00007ffef227a000 	c:\Users\anush\.vscode\extensions\redhat.java-1.21.0-win32-x64\jre\17.0.7-win32-x86_64\bin\jimage.dll
0x00007fff15710000 - 0x00007fff1593e000 	C:\WINDOWS\SYSTEM32\DBGHELP.DLL
0x00007fff18b50000 - 0x00007fff18eda000 	C:\WINDOWS\System32\combase.dll
0x00007fff19f50000 - 0x00007fff1a027000 	C:\WINDOWS\System32\OLEAUT32.dll
0x00007ffef0460000 - 0x00007ffef0492000 	C:\WINDOWS\SYSTEM32\dbgcore.DLL
0x00007fff18720000 - 0x00007fff1879a000 	C:\WINDOWS\System32\bcryptPrimitives.dll
0x00007ffef0dd0000 - 0x00007ffef0dde000 	c:\Users\anush\.vscode\extensions\redhat.java-1.21.0-win32-x64\jre\17.0.7-win32-x86_64\bin\instrument.dll
0x00007ffecb170000 - 0x00007ffecb195000 	c:\Users\anush\.vscode\extensions\redhat.java-1.21.0-win32-x64\jre\17.0.7-win32-x86_64\bin\java.dll
0x00007ffed2ea0000 - 0x00007ffed2eb8000 	c:\Users\anush\.vscode\extensions\redhat.java-1.21.0-win32-x64\jre\17.0.7-win32-x86_64\bin\zip.dll
0x00007fff19100000 - 0x00007fff19923000 	C:\WINDOWS\System32\SHELL32.dll
0x00007fff15da0000 - 0x00007fff1668a000 	C:\WINDOWS\SYSTEM32\windows.storage.dll
0x00007fff15c60000 - 0x00007fff15d9e000 	C:\WINDOWS\SYSTEM32\wintypes.dll
0x00007fff18ee0000 - 0x00007fff18fd3000 	C:\WINDOWS\System32\SHCORE.dll
0x00007fff1a400000 - 0x00007fff1a45e000 	C:\WINDOWS\System32\shlwapi.dll
0x00007fff17d90000 - 0x00007fff17db6000 	C:\WINDOWS\SYSTEM32\profapi.dll
0x00007ffed6f80000 - 0x00007ffed6f99000 	C:\Users\anush\.vscode\extensions\redhat.java-1.21.0-win32-x64\jre\17.0.7-win32-x86_64\bin\net.dll
0x00007fff11400000 - 0x00007fff11537000 	C:\WINDOWS\SYSTEM32\WINHTTP.dll
0x00007fff17320000 - 0x00007fff17389000 	C:\WINDOWS\system32\mswsock.dll
0x00007ffed5330000 - 0x00007ffed5345000 	C:\Users\anush\.vscode\extensions\redhat.java-1.21.0-win32-x64\jre\17.0.7-win32-x86_64\bin\nio.dll
0x00007ffeef560000 - 0x00007ffeef570000 	c:\Users\anush\.vscode\extensions\redhat.java-1.21.0-win32-x64\jre\17.0.7-win32-x86_64\bin\verify.dll

dbghelp: loaded successfully - version: 4.0.5 - missing functions: none
symbol engine: initialized successfully - sym options: 0x614 - pdb path: .;c:\Users\anush\.vscode\extensions\redhat.java-1.21.0-win32-x64\jre\17.0.7-win32-x86_64\bin;C:\WINDOWS\SYSTEM32;C:\WINDOWS\WinSxS\amd64_microsoft.windows.common-controls_6595b64144ccf1df_6.0.22621.2215_none_270d72677387dfc3;c:\Users\anush\.vscode\extensions\redhat.java-1.21.0-win32-x64\jre\17.0.7-win32-x86_64\bin\server

VM Arguments:
jvm_args: --add-modules=ALL-SYSTEM --add-opens=java.base/java.util=ALL-UNNAMED --add-opens=java.base/java.lang=ALL-UNNAMED --add-opens=java.base/sun.nio.fs=ALL-UNNAMED -Declipse.application=org.eclipse.jdt.ls.core.id1 -Dosgi.bundles.defaultStartLevel=4 -Declipse.product=org.eclipse.jdt.ls.core.product -Djava.import.generatesMetadataFilesAtProjectRoot=false -Dfile.encoding=utf8 -XX:+UseParallelGC -XX:GCTimeRatio=4 -XX:AdaptiveSizePolicyWeight=90 -Dsun.zip.disableMemoryMapping=true -Xmx1G -Xms100m -Xlog:disable -javaagent:c:\Users\anush\.vscode\extensions\redhat.java-1.21.0-win32-x64\lombok\lombok-1.18.28.jar -XX:+HeapDumpOnOutOfMemoryError -XX:HeapDumpPath=c:\Users\anush\AppData\Roaming\Code\User\workspaceStorage\885600e6cf9a070ce625943bc92912df\redhat.java -Daether.dependencyCollector.impl=bf 
java_command: c:\Users\anush\.vscode\extensions\redhat.java-1.21.0-win32-x64\server\plugins\org.eclipse.equinox.launcher_1.6.500.v20230717-2134.jar -configuration c:\Users\anush\AppData\Roaming\Code\User\globalStorage\redhat.java\1.21.0\config_win -data c:\Users\anush\AppData\Roaming\Code\User\workspaceStorage\885600e6cf9a070ce625943bc92912df\redhat.java\jdt_ws
java_class_path (initial): c:\Users\anush\.vscode\extensions\redhat.java-1.21.0-win32-x64\server\plugins\org.eclipse.equinox.launcher_1.6.500.v20230717-2134.jar
Launcher Type: SUN_STANDARD

[Global flags]
    uintx AdaptiveSizePolicyWeight                 = 90                                        {product} {command line}
     intx CICompilerCount                          = 4                                         {product} {ergonomic}
    uintx GCTimeRatio                              = 4                                         {product} {command line}
     bool HeapDumpOnOutOfMemoryError               = true                                   {manageable} {command line}
    ccstr HeapDumpPath                             = c:\Users\anush\AppData\Roaming\Code\User\workspaceStorage\885600e6cf9a070ce625943bc92912df\redhat.java         {manageable} {command line}
   size_t InitialHeapSize                          = 104857600                                 {product} {command line}
   size_t MaxHeapSize                              = 1073741824                                {product} {command line}
   size_t MaxNewSize                               = 357564416                                 {product} {ergonomic}
   size_t MinHeapDeltaBytes                        = 524288                                    {product} {ergonomic}
   size_t MinHeapSize                              = 104857600                                 {product} {command line}
   size_t NewSize                                  = 34603008                                  {product} {ergonomic}
    uintx NonNMethodCodeHeapSize                   = 5839372                                {pd product} {ergonomic}
    uintx NonProfiledCodeHeapSize                  = 122909434                              {pd product} {ergonomic}
   size_t OldSize                                  = 70254592                                  {product} {ergonomic}
    uintx ProfiledCodeHeapSize                     = 122909434                              {pd product} {ergonomic}
    uintx ReservedCodeCacheSize                    = 251658240                              {pd product} {ergonomic}
     bool SegmentedCodeCache                       = true                                      {product} {ergonomic}
   size_t SoftMaxHeapSize                          = 1073741824                             {manageable} {ergonomic}
     bool UseCompressedClassPointers               = true                           {product lp64_product} {ergonomic}
     bool UseCompressedOops                        = true                           {product lp64_product} {ergonomic}
     bool UseLargePagesIndividualAllocation        = false                                  {pd product} {ergonomic}
     bool UseParallelGC                            = true                                      {product} {command line}

Logging:
Log output configuration:
 #0: stdout all=off uptime,level,tags
 #1: stderr all=off uptime,level,tags

Environment Variables:
JAVA_HOME=C:\Program Files\java11\jdk-11.0.15.1
PATH=D:\oracleSoftware\bin;C:\WINDOWS\system32;C:\WINDOWS;C:\WINDOWS\System32\Wbem;C:\WINDOWS\System32\WindowsPowerShell\v1.0\;C:\WINDOWS\System32\OpenSSH\;C:\ProgramData\chocolatey\bin;C:\Users\anush\AppData\Roaming\nvm;C:\Program Files\nodejs;C:\Program Files\apache-maven-3.8.5\bin;C:\Program Files\java11\jdk-11.0.15.1\bin;C:\Program Files\Git\cmd;E:\D drive\OCP;D:\MongoDB\mongosh-1.8.0\bin;C:\Program Files\Go\bin;;C:\Program Files\Docker\Docker\resources\bin;C:\Users\anush\AppData\Local\Microsoft\WindowsApps;C:\Users\anush\AppData\Local\Programs\Microsoft VS Code\bin;C:\ProgramData\anush\GitHubDesktop\bin;C:\Program Files\MongoDB\Server\5.0\bin;C:\Users\anush\AppData\Roaming\npm;C:\Users\anush\AppData\Roaming\nvm;C:\Program Files\nodejs;C:\Program Files\java11\jdk-11.0.15.1\bin;D:\OCP;D:\MongoDB\mongosh-1.8.0\bin;C:\Users\anush\go\bin
USERNAME=anush
OS=Windows_NT
PROCESSOR_IDENTIFIER=Intel64 Family 6 Model 140 Stepping 2, GenuineIntel
TMP=C:\Users\anush\AppData\Local\Temp
TEMP=C:\Users\anush\AppData\Local\Temp



---------------  S Y S T E M  ---------------

OS:
 Windows 11 , 64 bit Build 22621 (10.0.22621.2215)
OS uptime: 4 days 2:43 hours
Hyper-V role detected

CPU: total 8 (initial active 8) (4 cores per cpu, 2 threads per core) family 6 model 140 stepping 2 microcode 0x2a, cx8, cmov, fxsr, ht, mmx, 3dnowpref, sse, sse2, sse3, ssse3, sse4.1, sse4.2, popcnt, lzcnt, tsc, tscinvbit, avx, avx2, aes, erms, clmul, bmi1, bmi2, adx, avx512f, avx512dq, avx512cd, avx512bw, avx512vl, sha, fma, vzeroupper, avx512_vpopcntdq, avx512_vpclmulqdq, avx512_vaes, avx512_vnni, clflush, clflushopt, clwb, avx512_vbmi2, avx512_vbmi, hv

Memory: 4k page, system-wide physical 7834M (479M free)
TotalPageFile size 31386M (AvailPageFile size 123M)
current process WorkingSet (physical memory assigned to process): 56M, peak: 56M
current process commit charge ("private bytes"): 196M, peak: 196M

vm_info: OpenJDK 64-Bit Server VM (17.0.7+7) for windows-amd64 JRE (17.0.7+7), built on Apr 18 2023 22:10:42 by "temurin" with MS VC++ 16.7 (VS2019)

END.
